c:\users\cl055729\desktop\programing\chess\chess\chess\x64\debug\vc141.pdb
c:\users\cl055729\desktop\programing\chess\chess\chess\x64\debug\vc141.idb
c:\users\cl055729\desktop\programing\chess\chess\chess\x64\debug\board.obj
c:\users\cl055729\desktop\programing\chess\chess\chess\x64\debug\knight.obj
c:\users\cl055729\desktop\programing\chess\chess\chess\x64\debug\cords.obj
c:\users\cl055729\desktop\programing\chess\chess\chess\x64\debug\peice.obj
c:\users\cl055729\desktop\programing\chess\chess\chess\x64\debug\bishop.obj
c:\users\cl055729\desktop\programing\chess\chess\chess\x64\debug\rook.obj
c:\users\cl055729\desktop\programing\chess\chess\chess\x64\debug\king.obj
c:\users\cl055729\desktop\programing\chess\chess\chess\x64\debug\pawn.obj
c:\users\cl055729\desktop\programing\chess\chess\chess\x64\debug\queen.obj
c:\users\cl055729\desktop\programing\chess\chess\chess\x64\debug\chess.obj
c:\users\cl055729\desktop\programing\chess\chess\chess\x64\debug\square.obj
c:\users\cl055729\desktop\programing\chess\chess\chess\x64\debug\coords.obj
c:\users\cl055729\desktop\programing\chess\chess\chess\x64\debug\global.obj
c:\users\cl055729\desktop\programing\chess\chess\chess\x64\debug\resources.obj
c:\users\cl055729\desktop\programing\chess\chess\x64\debug\chess.exe
c:\users\cl055729\desktop\programing\chess\chess\x64\debug\chess.ilk
c:\users\cl055729\desktop\programing\chess\chess\x64\debug\chess.pdb
c:\users\cl055729\desktop\school\testcpp\chess-game\chess\chess\x64\debug\bishop.obj
c:\users\cl055729\desktop\school\testcpp\chess-game\chess\chess\x64\debug\board.obj
c:\users\cl055729\desktop\school\testcpp\chess-game\chess\chess\x64\debug\chess.obj
c:\users\cl055729\desktop\school\testcpp\chess-game\chess\chess\x64\debug\coords.obj
c:\users\cl055729\desktop\school\testcpp\chess-game\chess\chess\x64\debug\cords.obj
c:\users\cl055729\desktop\school\testcpp\chess-game\chess\chess\x64\debug\global.obj
c:\users\cl055729\desktop\school\testcpp\chess-game\chess\chess\x64\debug\king.obj
c:\users\cl055729\desktop\school\testcpp\chess-game\chess\chess\x64\debug\knight.obj
c:\users\cl055729\desktop\school\testcpp\chess-game\chess\chess\x64\debug\pawn.obj
c:\users\cl055729\desktop\school\testcpp\chess-game\chess\chess\x64\debug\peice.obj
c:\users\cl055729\desktop\school\testcpp\chess-game\chess\chess\x64\debug\queen.obj
c:\users\cl055729\desktop\school\testcpp\chess-game\chess\chess\x64\debug\resources.obj
c:\users\cl055729\desktop\school\testcpp\chess-game\chess\chess\x64\debug\rook.obj
c:\users\cl055729\desktop\school\testcpp\chess-game\chess\chess\x64\debug\square.obj
c:\users\cl055729\desktop\school\testcpp\chess-game\chess\chess\x64\debug\chess.obj.enc
c:\users\cl055729\desktop\school\testcpp\chess-game\chess\chess\x64\debug\peice.obj.enc
c:\users\cl055729\desktop\school\testcpp\chess-game\chess\chess\x64\debug\vc141.idb
c:\users\cl055729\desktop\school\testcpp\chess-game\chess\chess\x64\debug\vc141.pdb
c:\users\cl055729\desktop\school\testcpp\chess-game\chess\x64\debug\chess.pdb
c:\users\cl055729\desktop\school\testcpp\chess-game\chess\x64\debug\chess.exe
c:\users\cl055729\desktop\school\testcpp\chess-game\chess\x64\debug\chess.ilk
c:\users\cl055729\desktop\school\testcpp\chess-game\chess\chess\x64\debug\chess.tlog\cl.command.1.tlog
c:\users\cl055729\desktop\school\testcpp\chess-game\chess\chess\x64\debug\chess.tlog\cl.read.1.tlog
c:\users\cl055729\desktop\school\testcpp\chess-game\chess\chess\x64\debug\chess.tlog\cl.write.1.tlog
c:\users\cl055729\desktop\school\testcpp\chess-game\chess\chess\x64\debug\chess.tlog\link.command.1.tlog
c:\users\cl055729\desktop\school\testcpp\chess-game\chess\chess\x64\debug\chess.tlog\link.read.1.tlog
c:\users\cl055729\desktop\school\testcpp\chess-game\chess\chess\x64\debug\chess.tlog\link.write.1.tlog
